2025-12-10 04:46:35 +0000 [MT] Initial pipeline context: <IDEDistributionProcessingPipelineContext: 0xa85bfcc00; archive(resolved)="<IDEArchive: 0xa85a8b480>", distributionTask(resolved)="2", distributionDestination(resolved)="1", distributionMethod(resolved)="<IDEDistributionMethodiOSAppStoreDistribution: 0xa83b56060>", team(resolved)="<IDEProvisioningBasicTeam: 0xa85c1df00; teamID='Y885MQBBP4', teamName='(null)'>">
	Chain (15, self inclusive):
	<IDEDistributionProcessingPipelineContext: 0xa85bfcc00; archive = "<IDEArchive: 0xa85a8b480>", distributionMethod="<IDEDistributionMethodiOSAppStoreDistribution: 0xa83b56060>", team="<IDEProvisioningBasicTeam: 0xa85c1df00; teamID='Y885MQBBP4', teamName='(null)'>">
	<IDEDistributionProcessingPipelineContext: 0xa85bfc900; archive = "<IDEArchive: 0xa85a8b480>", distributionMethod="<IDEDistributionMethodiOSAppStoreDistribution: 0xa83b56060>", team="<IDEProvisioningBasicTeam: 0xa85c1df00; teamID='Y885MQBBP4', teamName='(null)'>">
	<IDEDistributionContext: 0xa85b55b80; archive = "<IDEArchive: 0xa85a8b480>", distributionMethod="<IDEDistributionMethodiOSAppStoreDistribution: 0xa83b56060>", team="<IDEProvisioningBasicTeam: 0xa85c1df00; teamID='Y885MQBBP4', teamName='(null)'>">
	<IDEDistributionContext: 0xa85b55900; archive = "<IDEArchive: 0xa85a8b480>", distributionMethod="<IDEDistributionMethodiOSAppStoreDistribution: 0xa83b56060>", team="<IDEProvisioningBasicTeam: 0xa85c1df00; teamID='Y885MQBBP4', teamName='(null)'>">
	<IDEDistributionContext: 0xa85b55680; archive = "<IDEArchive: 0xa85a8b480>", distributionMethod="<IDEDistributionMethodiOSAppStoreDistribution: 0xa83b56060>", team="<IDEProvisioningBasicTeam: 0xa85c1df00; teamID='Y885MQBBP4', teamName='(null)'>">
	<IDEDistributionContext: 0xa85b55400; archive = "<IDEArchive: 0xa85a8b480>", distributionMethod="<IDEDistributionMethodiOSAppStoreDistribution: 0xa83b56060>", team="<IDEProvisioningBasicTeam: 0xa85c1df00; teamID='Y885MQBBP4', teamName='(null)'>">
	<IDEDistributionContext: 0xa85b55180; archive = "<IDEArchive: 0xa85a8b480>", distributionMethod="<IDEDistributionMethodiOSAppStoreDistribution: 0xa83b56060>", team="<IDEProvisioningBasicTeam: 0xa85c1df00; teamID='Y885MQBBP4', teamName='(null)'>">
	<IDEDistributionContext: 0xa85b54f00; archive = "<IDEArchive: 0xa85a8b480>", distributionMethod="<IDEDistributionMethodiOSAppStoreDistribution: 0xa83b56060>", team="<IDEProvisioningBasicTeam: 0xa85c1df00; teamID='Y885MQBBP4', teamName='(null)'>">
	<IDEDistributionContext: 0xa85b54c80; archive = "<IDEArchive: 0xa85a8b480>", distributionMethod="<IDEDistributionMethodiOSAppStoreDistribution: 0xa83b56060>", team="<IDEProvisioningBasicTeam: 0xa85c1df00; teamID='Y885MQBBP4', teamName='(null)'>">
	<IDEDistributionContext: 0xa85b54a00; archive = "<IDEArchive: 0xa85a8b480>", distributionMethod="<IDEDistributionMethodiOSAppStoreDistribution: 0xa83b56060>", team="<IDEProvisioningBasicTeam: 0xa85c1df00; teamID='Y885MQBBP4', teamName='(null)'>">
	<IDEDistributionContext: 0xa85b54780; archive = "<IDEArchive: 0xa85a8b480>", distributionMethod="<IDEDistributionMethodiOSAppStoreDistribution: 0xa83b56060>", team="<IDEProvisioningBasicTeam: 0xa85c1df00; teamID='Y885MQBBP4', teamName='(null)'>">
	<IDEDistributionContext: 0xa85b54500; archive = "<IDEArchive: 0xa85a8b480>", distributionMethod="<IDEDistributionMethodiOSAppStoreDistribution: 0xa83b56060>", team="<IDEProvisioningBasicTeam: 0xa85c1df00; teamID='Y885MQBBP4', teamName='(null)'>">
	<IDEDistributionContext: 0xa85b54280; archive = "<IDEArchive: 0xa85a8b480>", distributionMethod="<IDEDistributionMethodiOSAppStoreDistribution: 0xa83b56060>", team="(null)">
	<IDEDistributionContext: 0xa85b54000; archive = "<IDEArchive: 0xa85a8b480>", distributionMethod="<IDEDistributionMethodiOSAppStoreDistribution: 0xa83b56060>", team="(null)">
	<IDEDistributionContext: 0x102abd5c0; archive = "<IDEArchive: 0xa85a8b480>", distributionMethod="(null)", team="(null)">
</IDEDistributionProcessingPipelineContext: 0xa85bfcc00>
2025-12-10 04:46:35 +0000 [MT] Processing step: IDEDistributionCreateDestRootStep
2025-12-10 04:46:35 +0000 [MT] Processing step: IDEDistributionCopyItemStep
2025-12-10 04:46:35 +0000 [MT] Running /usr/bin/ditto '-V' '/Users/zack/Desktop/NeuroBloom/ios/build/NeuroBloom.xcarchive/Products/Applications/NeuroBloom.app' '/var/folders/fj/s4cn753s2mbc49s8t01td3kh0000gn/T/XcodeDistPipeline.~~~9kzzaG/Root/Payload/NeuroBloom.app'
2025-12-10 04:46:35 +0000  >>> Copying /Users/zack/Desktop/NeuroBloom/ios/build/NeuroBloom.xcarchive/Products/Applications/NeuroBloom.app 
2025-12-10 04:46:35 +0000  copying file ./_CodeSignature/CodeResources ... 
2025-12-10 04:46:35 +0000  31357 bytes for ./_CodeSignature/CodeResources
2025-12-10 04:46:35 +0000  copying file ./SplashScreen.storyboardc/EXPO-VIEWCONTROLLER-1-view-EXPO-ContainerView.nib ... 
2025-12-10 04:46:35 +0000  2108 bytes for ./SplashScreen.storyboardc/EXPO-VIEWCONTROLLER-1-view-EXPO-ContainerView.nib
2025-12-10 04:46:35 +0000  copying file ./SplashScreen.storyboardc/SplashScreenViewController.nib ... 
2025-12-10 04:46:35 +0000  1004 bytes for ./SplashScreen.storyboardc/SplashScreenViewController.nib
2025-12-10 04:46:35 +0000  copying file ./SplashScreen.storyboardc/Info.plist ... 
2025-12-10 04:46:35 +0000  225 bytes for ./SplashScreen.storyboardc/Info.plist
2025-12-10 04:46:35 +0000  copying file ./glog_privacy.bundle/Info.plist ... 
2025-12-10 04:46:35 +0000  768 bytes for ./glog_privacy.bundle/Info.plist
2025-12-10 04:46:35 +0000  copying file ./AppIcon60x60@2x.png ... 
2025-12-10 04:46:35 +0000  9270 bytes for ./AppIcon60x60@2x.png
2025-12-10 04:46:35 +0000  copying file ./ExpoConstants_privacy.bundle/PrivacyInfo.xcprivacy ... 
2025-12-10 04:46:35 +0000  607 bytes for ./ExpoConstants_privacy.bundle/PrivacyInfo.xcprivacy
2025-12-10 04:46:35 +0000  copying file ./ExpoConstants_privacy.bundle/Info.plist ... 
2025-12-10 04:46:35 +0000  790 bytes for ./ExpoConstants_privacy.bundle/Info.plist
2025-12-10 04:46:35 +0000  copying file ./React-cxxreact_privacy.bundle/PrivacyInfo.xcprivacy ... 
2025-12-10 04:46:35 +0000  552 bytes for ./React-cxxreact_privacy.bundle/PrivacyInfo.xcprivacy
2025-12-10 04:46:35 +0000  copying file ./React-cxxreact_privacy.bundle/Info.plist ... 
2025-12-10 04:46:35 +0000  791 bytes for ./React-cxxreact_privacy.bundle/Info.plist
2025-12-10 04:46:35 +0000  copying file ./NeuroBloom ... 
2025-12-10 04:46:35 +0000  7303904 bytes for ./NeuroBloom
2025-12-10 04:46:35 +0000  copying file ./RCT-Folly_privacy.bundle/Info.plist ... 
2025-12-10 04:46:35 +0000  785 bytes for ./RCT-Folly_privacy.bundle/Info.plist
2025-12-10 04:46:35 +0000  copying file ./Assets.car ... 
2025-12-10 04:46:35 +0000  1106024 bytes for ./Assets.car
2025-12-10 04:46:35 +0000  copying file ./AppIcon76x76@2x~ipad.png ... 
2025-12-10 04:46:35 +0000  14420 bytes for ./AppIcon76x76@2x~ipad.png
2025-12-10 04:46:35 +0000  copying file ./main.jsbundle ... 
2025-12-10 04:46:35 +0000  5844198 bytes for ./main.jsbundle
2025-12-10 04:46:35 +0000  copying file ./EXConstants.bundle/app.config ... 
2025-12-10 04:46:35 +0000  1133 bytes for ./EXConstants.bundle/app.config
2025-12-10 04:46:35 +0000  copying file ./EXConstants.bundle/Info.plist ... 
2025-12-10 04:46:35 +0000  768 bytes for ./EXConstants.bundle/Info.plist
2025-12-10 04:46:35 +0000  copying file ./PrivacyInfo.xcprivacy ... 
2025-12-10 04:46:35 +0000  1283 bytes for ./PrivacyInfo.xcprivacy
2025-12-10 04:46:35 +0000  copying file ./RNSVGFilters.bundle/RNSVGArithmeticFilter.iphoneos.metallib ... 
2025-12-10 04:46:35 +0000  3993 bytes for ./RNSVGFilters.bundle/RNSVGArithmeticFilter.iphoneos.metallib
2025-12-10 04:46:35 +0000  copying file ./RNSVGFilters.bundle/RNSVGCompositeXor.iphoneos.metallib ... 
2025-12-10 04:46:35 +0000  3509 bytes for ./RNSVGFilters.bundle/RNSVGCompositeXor.iphoneos.metallib
2025-12-10 04:46:35 +0000  copying file ./RNSVGFilters.bundle/Info.plist ... 
2025-12-10 04:46:35 +0000  770 bytes for ./RNSVGFilters.bundle/Info.plist
2025-12-10 04:46:35 +0000  copying file ./ExpoFileSystem_privacy.bundle/PrivacyInfo.xcprivacy ... 
2025-12-10 04:46:35 +0000  877 bytes for ./ExpoFileSystem_privacy.bundle/PrivacyInfo.xcprivacy
2025-12-10 04:46:35 +0000  copying file ./ExpoFileSystem_privacy.bundle/Info.plist ... 
2025-12-10 04:46:35 +0000  792 bytes for ./ExpoFileSystem_privacy.bundle/Info.plist
2025-12-10 04:46:35 +0000  copying file ./boost_privacy.bundle/Info.plist ... 
2025-12-10 04:46:35 +0000  771 bytes for ./boost_privacy.bundle/Info.plist
2025-12-10 04:46:35 +0000  copying file ./Frameworks/hermes.framework/_CodeSignature/CodeResources ... 
2025-12-10 04:46:35 +0000  1798 bytes for ./Frameworks/hermes.framework/_CodeSignature/CodeResources
2025-12-10 04:46:35 +0000  copying file ./Frameworks/hermes.framework/hermes ... 
2025-12-10 04:46:35 +0000  4728064 bytes for ./Frameworks/hermes.framework/hermes
2025-12-10 04:46:35 +0000  copying file ./Frameworks/hermes.framework/Info.plist ... 
2025-12-10 04:46:35 +0000  859 bytes for ./Frameworks/hermes.framework/Info.plist
2025-12-10 04:46:35 +0000  copying file ./embedded.mobileprovision ... 
2025-12-10 04:46:35 +0000  12288 bytes for ./embedded.mobileprovision
2025-12-10 04:46:35 +0000  copying file ./assets/node_modules/@expo-google-fonts/inter/200ExtraLight/Inter_200ExtraLight.ttf ... 
2025-12-10 04:46:35 +0000  343180 bytes for ./assets/node_modules/@expo-google-fonts/inter/200ExtraLight/Inter_200ExtraLight.ttf
2025-12-10 04:46:35 +0000  copying file ./assets/node_modules/@expo-google-fonts/inter/800ExtraBold/Inter_800ExtraBold.ttf ... 
2025-12-10 04:46:35 +0000  344900 bytes for ./assets/node_modules/@expo-google-fonts/inter/800ExtraBold/Inter_800ExtraBold.ttf
2025-12-10 04:46:35 +0000  copying file ./assets/node_modules/@expo-google-fonts/inter/700Bold_Italic/Inter_700Bold_Italic.ttf ... 
2025-12-10 04:46:35 +0000  347824 bytes for ./assets/node_modules/@expo-google-fonts/inter/700Bold_Italic/Inter_700Bold_Italic.ttf
2025-12-10 04:46:35 +0000  copying file ./assets/node_modules/@expo-google-fonts/inter/500Medium_Italic/Inter_500Medium_Italic.ttf ... 
2025-12-10 04:46:35 +0000  346444 bytes for ./assets/node_modules/@expo-google-fonts/inter/500Medium_Italic/Inter_500Medium_Italic.ttf
2025-12-10 04:46:35 +0000  copying file ./assets/node_modules/@expo-google-fonts/inter/600SemiBold_Italic/Inter_600SemiBold_Italic.ttf ... 
2025-12-10 04:46:35 +0000  347292 bytes for ./assets/node_modules/@expo-google-fonts/inter/600SemiBold_Italic/Inter_600SemiBold_Italic.ttf
2025-12-10 04:46:35 +0000  copying file ./assets/node_modules/@expo-google-fonts/inter/400Regular_Italic/Inter_400Regular_Italic.ttf ... 
2025-12-10 04:46:35 +0000  345956 bytes for ./assets/node_modules/@expo-google-fonts/inter/400Regular_Italic/Inter_400Regular_Italic.ttf
2025-12-10 04:46:35 +0000  copying file ./assets/node_modules/@expo-google-fonts/inter/100Thin_Italic/Inter_100Thin_Italic.ttf ... 
2025-12-10 04:46:35 +0000  346824 bytes for ./assets/node_modules/@expo-google-fonts/inter/100Thin_Italic/Inter_100Thin_Italic.ttf
2025-12-10 04:46:35 +0000  copying file ./assets/node_modules/@expo-google-fonts/inter/600SemiBold/Inter_600SemiBold.ttf ... 
2025-12-10 04:46:35 +0000  343632 bytes for ./assets/node_modules/@expo-google-fonts/inter/600SemiBold/Inter_600SemiBold.ttf
2025-12-10 04:46:35 +0000  copying file ./assets/node_modules/@expo-google-fonts/inter/500Medium/Inter_500Medium.ttf ... 
2025-12-10 04:46:35 +0000  342892 bytes for ./assets/node_modules/@expo-google-fonts/inter/500Medium/Inter_500Medium.ttf
2025-12-10 04:46:35 +0000  copying file ./assets/node_modules/@expo-google-fonts/inter/300Light_Italic/Inter_300Light_Italic.ttf ... 
2025-12-10 04:46:35 +0000  346892 bytes for ./assets/node_modules/@expo-google-fonts/inter/300Light_Italic/Inter_300Light_Italic.ttf
2025-12-10 04:46:35 +0000  copying file ./assets/node_modules/@expo-google-fonts/inter/800ExtraBold_Italic/Inter_800ExtraBold_Italic.ttf ... 
2025-12-10 04:46:35 +0000  348700 bytes for ./assets/node_modules/@expo-google-fonts/inter/800ExtraBold_Italic/Inter_800ExtraBold_Italic.ttf
2025-12-10 04:46:35 +0000  copying file ./assets/node_modules/@expo-google-fonts/inter/900Black/Inter_900Black.ttf ... 
2025-12-10 04:46:35 +0000  344840 bytes for ./assets/node_modules/@expo-google-fonts/inter/900Black/Inter_900Black.ttf
2025-12-10 04:46:35 +0000  copying file ./assets/node_modules/@expo-google-fonts/inter/700Bold/Inter_700Bold.ttf ... 
2025-12-10 04:46:35 +0000  344072 bytes for ./assets/node_modules/@expo-google-fonts/inter/700Bold/Inter_700Bold.ttf
2025-12-10 04:46:35 +0000  copying file ./assets/node_modules/@expo-google-fonts/inter/100Thin/Inter_100Thin.ttf ... 
2025-12-10 04:46:35 +0000  342616 bytes for ./assets/node_modules/@expo-google-fonts/inter/100Thin/Inter_100Thin.ttf
2025-12-10 04:46:35 +0000  copying file ./assets/node_modules/@expo-google-fonts/inter/900Black_Italic/Inter_900Black_Italic.ttf ... 
2025-12-10 04:46:35 +0000  348732 bytes for ./assets/node_modules/@expo-google-fonts/inter/900Black_Italic/Inter_900Black_Italic.ttf
2025-12-10 04:46:35 +0000  copying file ./assets/node_modules/@expo-google-fonts/inter/200ExtraLight_Italic/Inter_200ExtraLight_Italic.ttf ... 
2025-12-10 04:46:35 +0000  347072 bytes for ./assets/node_modules/@expo-google-fonts/inter/200ExtraLight_Italic/Inter_200ExtraLight_Italic.ttf
2025-12-10 04:46:35 +0000  copying file ./assets/node_modules/@expo-google-fonts/inter/400Regular/Inter_400Regular.ttf ... 
2025-12-10 04:46:35 +0000  342408 bytes for ./assets/node_modules/@expo-google-fonts/inter/400Regular/Inter_400Regular.ttf
2025-12-10 04:46:35 +0000  copying file ./assets/node_modules/@expo-google-fonts/inter/300Light/Inter_300Light.ttf ... 
2025-12-10 04:46:35 +0000  343320 bytes for ./assets/node_modules/@expo-google-fonts/inter/300Light/Inter_300Light.ttf
2025-12-10 04:46:35 +0000  copying file ./assets/node_modules/@react-navigation/elements/lib/module/assets/back-icon@3x.png ... 
2025-12-10 04:46:35 +0000  761 bytes for ./assets/node_modules/@react-navigation/elements/lib/module/assets/back-icon@3x.png
2025-12-10 04:46:35 +0000  copying file ./assets/node_modules/@react-navigation/elements/lib/module/assets/back-icon@2x.png ... 
2025-12-10 04:46:35 +0000  405 bytes for ./assets/node_modules/@react-navigation/elements/lib/module/assets/back-icon@2x.png
2025-12-10 04:46:35 +0000  copying file ./assets/node_modules/@react-navigation/elements/lib/module/assets/search-icon@2x.png ... 
2025-12-10 04:46:35 +0000  589 bytes for ./assets/node_modules/@react-navigation/elements/lib/module/assets/search-icon@2x.png
2025-12-10 04:46:35 +0000  copying file ./assets/node_modules/@react-navigation/elements/lib/module/assets/clear-icon@3x.png ... 
2025-12-10 04:46:35 +0000  502 bytes for ./assets/node_modules/@react-navigation/elements/lib/module/assets/clear-icon@3x.png
2025-12-10 04:46:35 +0000  copying file ./assets/node_modules/@react-navigation/elements/lib/module/assets/back-icon.png ... 
2025-12-10 04:46:35 +0000  290 bytes for ./assets/node_modules/@react-navigation/elements/lib/module/assets/back-icon.png
2025-12-10 04:46:35 +0000  copying file ./assets/node_modules/@react-navigation/elements/lib/module/assets/clear-icon@2x.png ... 
2025-12-10 04:46:35 +0000  334 bytes for ./assets/node_modules/@react-navigation/elements/lib/module/assets/clear-icon@2x.png
2025-12-10 04:46:35 +0000  copying file ./assets/node_modules/@react-navigation/elements/lib/module/assets/search-icon@3x.png ... 
2025-12-10 04:46:35 +0000  839 bytes for ./assets/node_modules/@react-navigation/elements/lib/module/assets/search-icon@3x.png
2025-12-10 04:46:35 +0000  copying file ./assets/node_modules/@react-navigation/elements/lib/module/assets/close-icon.png ... 
2025-12-10 04:46:35 +0000  141 bytes for ./assets/node_modules/@react-navigation/elements/lib/module/assets/close-icon.png
2025-12-10 04:46:35 +0000  copying file ./assets/node_modules/@react-navigation/elements/lib/module/assets/back-icon-mask.png ... 
2025-12-10 04:46:35 +0000  653 bytes for ./assets/node_modules/@react-navigation/elements/lib/module/assets/back-icon-mask.png
2025-12-10 04:46:35 +0000  copying file ./assets/node_modules/@react-navigation/elements/lib/module/assets/close-icon@2x.png ... 
2025-12-10 04:46:35 +0000  201 bytes for ./assets/node_modules/@react-navigation/elements/lib/module/assets/close-icon@2x.png
2025-12-10 04:46:35 +0000  copying file ./assets/node_modules/@react-navigation/elements/lib/module/assets/close-icon@3x.png ... 
2025-12-10 04:46:35 +0000  266 bytes for ./assets/node_modules/@react-navigation/elements/lib/module/assets/close-icon@3x.png
2025-12-10 04:46:35 +0000  copying file ./assets/node_modules/@react-navigation/elements/lib/module/assets/clear-icon.png ... 
2025-12-10 04:46:35 +0000  220 bytes for ./assets/node_modules/@react-navigation/elements/lib/module/assets/clear-icon.png
2025-12-10 04:46:35 +0000  copying file ./assets/node_modules/@react-navigation/elements/lib/module/assets/search-icon.png ... 
2025-12-10 04:46:35 +0000  317 bytes for ./assets/node_modules/@react-navigation/elements/lib/module/assets/search-icon.png
2025-12-10 04:46:35 +0000  copying file ./assets/node_modules/expo/node_modules/@expo/vector-icons/build/vendor/react-native-vector-icons/Fonts/Fontisto.ttf ... 
2025-12-10 04:46:35 +0000  313528 bytes for ./assets/node_modules/expo/node_modules/@expo/vector-icons/build/vendor/react-native-vector-icons/Fonts/Fontisto.ttf
2025-12-10 04:46:35 +0000  copying file ./assets/node_modules/expo/node_modules/@expo/vector-icons/build/vendor/react-native-vector-icons/Fonts/Octicons.ttf ... 
69436 bytes for ./assets/node_modules/expo/node_modules/@expo/vector-icons/build/vendor/react-native-vector-icons/Fonts/Octicons.ttf
copying file ./assets/node_modules/expo/node_modules/@expo/vector-icons/build/vendor/react-native-vector-icons/Fonts/Feather.ttf ... 
2025-12-10 04:46:35 +0000  55596 bytes for ./assets/node_modules/expo/node_modules/@expo/vector-icons/build/vendor/react-native-vector-icons/Fonts/Feather.ttf
2025-12-10 04:46:35 +0000  copying file ./assets/node_modules/expo/node_modules/@expo/vector-icons/build/vendor/react-native-vector-icons/Fonts/FontAwesome6_Regular.ttf ... 
2025-12-10 04:46:35 +0000  67976 bytes for ./assets/node_modules/expo/node_modules/@expo/vector-icons/build/vendor/react-native-vector-icons/Fonts/FontAwesome6_Regular.ttf
2025-12-10 04:46:35 +0000  copying file ./assets/node_modules/expo/node_modules/@expo/vector-icons/build/vendor/react-native-vector-icons/Fonts/Entypo.ttf ... 
2025-12-10 04:46:35 +0000  66200 bytes for ./assets/node_modules/expo/node_modules/@expo/vector-icons/build/vendor/react-native-vector-icons/Fonts/Entypo.ttf
2025-12-10 04:46:35 +0000  copying file ./assets/node_modules/expo/node_modules/@expo/vector-icons/build/vendor/react-native-vector-icons/Fonts/FontAwesome5_Brands.ttf ... 
2025-12-10 04:46:35 +0000  134040 bytes for ./assets/node_modules/expo/node_modules/@expo/vector-icons/build/vendor/react-native-vector-icons/Fonts/FontAwesome5_Brands.ttf
2025-12-10 04:46:35 +0000  copying file ./assets/node_modules/expo/node_modules/@expo/vector-icons/build/vendor/react-native-vector-icons/Fonts/MaterialCommunityIcons.ttf ... 
2025-12-10 04:46:35 +0000  1307660 bytes for ./assets/node_modules/expo/node_modules/@expo/vector-icons/build/vendor/react-native-vector-icons/Fonts/MaterialCommunityIcons.ttf
2025-12-10 04:46:35 +0000  copying file ./assets/node_modules/expo/node_modules/@expo/vector-icons/build/vendor/react-native-vector-icons/Fonts/AntDesign.ttf ... 
2025-12-10 04:46:35 +0000  130484 bytes for ./assets/node_modules/expo/node_modules/@expo/vector-icons/build/vendor/react-native-vector-icons/Fonts/AntDesign.ttf
2025-12-10 04:46:35 +0000  copying file ./assets/node_modules/expo/node_modules/@expo/vector-icons/build/vendor/react-native-vector-icons/Fonts/Foundation.ttf ... 
2025-12-10 04:46:35 +0000  56976 bytes for ./assets/node_modules/expo/node_modules/@expo/vector-icons/build/vendor/react-native-vector-icons/Fonts/Foundation.ttf
2025-12-10 04:46:35 +0000  copying file ./assets/node_modules/expo/node_modules/@expo/vector-icons/build/vendor/react-native-vector-icons/Fonts/Ionicons.ttf ... 
2025-12-10 04:46:35 +0000  389724 bytes for ./assets/node_modules/expo/node_modules/@expo/vector-icons/build/vendor/react-native-vector-icons/Fonts/Ionicons.ttf
2025-12-10 04:46:35 +0000  copying file ./assets/node_modules/expo/node_modules/@expo/vector-icons/build/vendor/react-native-vector-icons/Fonts/FontAwesome5_Solid.ttf ... 
2025-12-10 04:46:35 +0000  202744 bytes for ./assets/node_modules/expo/node_modules/@expo/vector-icons/build/vendor/react-native-vector-icons/Fonts/FontAwesome5_Solid.ttf
2025-12-10 04:46:35 +0000  copying file ./assets/node_modules/expo/node_modules/@expo/vector-icons/build/vendor/react-native-vector-icons/Fonts/FontAwesome5_Regular.ttf ... 
2025-12-10 04:46:35 +0000  33736 bytes for ./assets/node_modules/expo/node_modules/@expo/vector-icons/build/vendor/react-native-vector-icons/Fonts/FontAwesome5_Regular.ttf
2025-12-10 04:46:35 +0000  copying file ./assets/node_modules/expo/node_modules/@expo/vector-icons/build/vendor/react-native-vector-icons/Fonts/FontAwesome.ttf ... 
2025-12-10 04:46:35 +0000  165548 bytes for ./assets/node_modules/expo/node_modules/@expo/vector-icons/build/vendor/react-native-vector-icons/Fonts/FontAwesome.ttf
2025-12-10 04:46:35 +0000  copying file ./assets/node_modules/expo/node_modules/@expo/vector-icons/build/vendor/react-native-vector-icons/Fonts/Zocial.ttf ... 
2025-12-10 04:46:35 +0000  25788 bytes for ./assets/node_modules/expo/node_modules/@expo/vector-icons/build/vendor/react-native-vector-icons/Fonts/Zocial.ttf
2025-12-10 04:46:35 +0000  copying file ./assets/node_modules/expo/node_modules/@expo/vector-icons/build/vendor/react-native-vector-icons/Fonts/EvilIcons.ttf ... 
2025-12-10 04:46:35 +0000  13456 bytes for ./assets/node_modules/expo/node_modules/@expo/vector-icons/build/vendor/react-native-vector-icons/Fonts/EvilIcons.ttf
2025-12-10 04:46:35 +0000  copying file ./assets/node_modules/expo/node_modules/@expo/vector-icons/build/vendor/react-native-vector-icons/Fonts/FontAwesome6_Solid.ttf ... 
2025-12-10 04:46:35 +0000  423676 bytes for ./assets/node_modules/expo/node_modules/@expo/vector-icons/build/vendor/react-native-vector-icons/Fonts/FontAwesome6_Solid.ttf
2025-12-10 04:46:35 +0000  copying file ./assets/node_modules/expo/node_modules/@expo/vector-icons/build/vendor/react-native-vector-icons/Fonts/SimpleLineIcons.ttf ... 
2025-12-10 04:46:35 +0000  54056 bytes for ./assets/node_modules/expo/node_modules/@expo/vector-icons/build/vendor/react-native-vector-icons/Fonts/SimpleLineIcons.ttf
2025-12-10 04:46:35 +0000  copying file ./assets/node_modules/expo/node_modules/@expo/vector-icons/build/vendor/react-native-vector-icons/Fonts/FontAwesome6_Brands.ttf ... 
2025-12-10 04:46:35 +0000  209376 bytes for ./assets/node_modules/expo/node_modules/@expo/vector-icons/build/vendor/react-native-vector-icons/Fonts/FontAwesome6_Brands.ttf
2025-12-10 04:46:35 +0000  copying file ./assets/node_modules/expo/node_modules/@expo/vector-icons/build/vendor/react-native-vector-icons/Fonts/MaterialIcons.ttf ... 
2025-12-10 04:46:35 +0000  356840 bytes for ./assets/node_modules/expo/node_modules/@expo/vector-icons/build/vendor/react-native-vector-icons/Fonts/MaterialIcons.ttf
2025-12-10 04:46:35 +0000  copying file ./assets/node_modules/expo-router/assets/pkg.png ... 
2025-12-10 04:46:35 +0000  364 bytes for ./assets/node_modules/expo-router/assets/pkg.png
2025-12-10 04:46:35 +0000  copying file ./assets/node_modules/expo-router/assets/unmatched.png ... 
2025-12-10 04:46:35 +0000  4752 bytes for ./assets/node_modules/expo-router/assets/unmatched.png
2025-12-10 04:46:35 +0000  copying file ./assets/node_modules/expo-router/assets/file.png ... 
2025-12-10 04:46:35 +0000  138 bytes for ./assets/node_modules/expo-router/assets/file.png
2025-12-10 04:46:35 +0000  copying file ./assets/node_modules/expo-router/assets/forward.png ... 
2025-12-10 04:46:35 +0000  188 bytes for ./assets/node_modules/expo-router/assets/forward.png
2025-12-10 04:46:35 +0000  copying file ./assets/node_modules/expo-router/assets/error.png ... 
2025-12-10 04:46:35 +0000  469 bytes for ./assets/node_modules/expo-router/assets/error.png
2025-12-10 04:46:35 +0000  copying file ./assets/node_modules/expo-router/assets/sitemap.png ... 
2025-12-10 04:46:35 +0000  465 bytes for ./assets/node_modules/expo-router/assets/sitemap.png
2025-12-10 04:46:35 +0000  copying file ./assets/node_modules/expo-router/assets/arrow_down.png ... 
2025-12-10 04:46:35 +0000  9456 bytes for ./assets/node_modules/expo-router/assets/arrow_down.png
2025-12-10 04:46:35 +0000  copying file ./assets/assets/images/lilly-character.png ... 
2025-12-10 04:46:35 +0000  406234 bytes for ./assets/assets/images/lilly-character.png
2025-12-10 04:46:35 +0000  copying file ./assets/assets/neurobloom-logo.png ... 
2025-12-10 04:46:35 +0000  103257 bytes for ./assets/assets/neurobloom-logo.png
2025-12-10 04:46:35 +0000  copying file ./Info.plist ... 
2025-12-10 04:46:35 +0000  1957 bytes for ./Info.plist
2025-12-10 04:46:35 +0000  copying file ./Expo.plist ... 
2025-12-10 04:46:35 +0000  132 bytes for ./Expo.plist
2025-12-10 04:46:35 +0000  copying file ./RNCAsyncStorage_resources.bundle/PrivacyInfo.xcprivacy ... 
2025-12-10 04:46:35 +0000  512 bytes for ./RNCAsyncStorage_resources.bundle/PrivacyInfo.xcprivacy
2025-12-10 04:46:35 +0000  copying file ./RNCAsyncStorage_resources.bundle/Info.plist ... 
2025-12-10 04:46:35 +0000  795 bytes for ./RNCAsyncStorage_resources.bundle/Info.plist
2025-12-10 04:46:35 +0000  copying file ./PkgInfo ... 
2025-12-10 04:46:35 +0000  8 bytes for ./PkgInfo
2025-12-10 04:46:35 +0000  copying file ./React-Core_privacy.bundle/PrivacyInfo.xcprivacy ... 
2025-12-10 04:46:35 +0000  768 bytes for ./React-Core_privacy.bundle/PrivacyInfo.xcprivacy
2025-12-10 04:46:35 +0000  copying file ./React-Core_privacy.bundle/Info.plist ... 
2025-12-10 04:46:35 +0000  783 bytes for ./React-Core_privacy.bundle/Info.plist
2025-12-10 04:46:35 +0000 [MT] /usr/bin/ditto exited with 0
2025-12-10 04:46:35 +0000 [MT] Processing step: IDEDistributionEmbedProfileStep
2025-12-10 04:46:35 +0000 [MT] Skipping profile for item: <IDEDistributionItem: 0xa85be76c0; bundleID='dev.hermesengine.iphoneos', path='<DVTFilePath:0xa85b5dce0:'/Users/zack/Desktop/NeuroBloom/ios/build/NeuroBloom.xcarchive/Products/Applications/NeuroBloom.app/Frameworks/hermes.framework'>', codeSigningInfo='<_DVTCodeSigningInformation_Path: 0xa85be7660; isSigned='1', isAdHocSigned='0', signingCertificate='<DVTSigningCertificate: 0xa85b70240; name='iPhone Distribution: Zachary Walmer (Y885MQBBP4)', hash='8F53B51C8388FFE2ABB30A81F9DC5D2068E72027', serialNumber='33C6B6F3BC796B2276C8CD0A2659D5D8', certificateKinds='(
    "1.2.840.113635.100.6.1.4"
), issueDate='2025-12-06 03:14:49 +0000''>', entitlements='(null)', teamID='Y885MQBBP4', identifier='dev.hermesengine.iphoneos', executablePath='<DVTFilePath:0xa85aee7c0:'/Users/zack/Desktop/NeuroBloom/ios/build/NeuroBloom.xcarchive/Products/Applications/NeuroBloom.app/Frameworks/hermes.framework/hermes'>', hardenedRuntime='0'>'>
2025-12-10 04:46:35 +0000 [MT] Processing step: IDEDistributionInfoPlistStep
2025-12-10 04:46:35 +0000 [MT] Skipping Info.plist step because item: <IDEDistributionItem: 0xa85be76c0; bundleID='dev.hermesengine.iphoneos', path='<DVTFilePath:0xa85b5dce0:'/Users/zack/Desktop/NeuroBloom/ios/build/NeuroBloom.xcarchive/Products/Applications/NeuroBloom.app/Frameworks/hermes.framework'>', codeSigningInfo='<_DVTCodeSigningInformation_Path: 0xa85be7660; isSigned='1', isAdHocSigned='0', signingCertificate='<DVTSigningCertificate: 0xa85b70240; name='iPhone Distribution: Zachary Walmer (Y885MQBBP4)', hash='8F53B51C8388FFE2ABB30A81F9DC5D2068E72027', serialNumber='33C6B6F3BC796B2276C8CD0A2659D5D8', certificateKinds='(
    "1.2.840.113635.100.6.1.4"
), issueDate='2025-12-06 03:14:49 +0000''>', entitlements='(null)', teamID='Y885MQBBP4', identifier='dev.hermesengine.iphoneos', executablePath='<DVTFilePath:0xa85aee7c0:'/Users/zack/Desktop/NeuroBloom/ios/build/NeuroBloom.xcarchive/Products/Applications/NeuroBloom.app/Frameworks/hermes.framework/hermes'>', hardenedRuntime='0'>'> is a framework or embedded in a framework.
2025-12-10 04:46:35 +0000 [MT] Skipping setting DTXcodeBuildDistribution because toolsBuildVersionName was nil.
2025-12-10 04:46:35 +0000 [MT] Processing step: IDEDistributionItemRemovalStep
2025-12-10 04:46:35 +0000 [MT] Processing step: IDEDistributionAppThinningPlistStep
2025-12-10 04:46:35 +0000 [MT] Skipping step: IDEDistributionAppThinningPlistStep because it said so
2025-12-10 04:46:35 +0000 [MT] Processing step: IDEDistributionSymbolsStep
2025-12-10 04:46:36 +0000 [MT] Writing /var/folders/fj/s4cn753s2mbc49s8t01td3kh0000gn/T/XcodeDistPipeline.~~~9kzzaG/Symbols/466A3B3E-EC84-3B15-A9C9-7CE544ED565C.symbols
2025-12-10 04:46:36 +0000 [MT] Upload Symbols Failed
2025-12-10 04:46:36 +0000 [MT] Processing step: IDEDistributionCopyAppleProvidedContentStep
2025-12-10 04:46:36 +0000 [MT] Processing step: IDEDistributionAppThinningStep
2025-12-10 04:46:36 +0000 [MT] Skipping step: IDEDistributionAppThinningStep because it said so
2025-12-10 04:46:36 +0000 [MT] Processing step: IDEDistributionArchThinningStep
2025-12-10 04:46:36 +0000 [MT] Archs to thin for item /Users/zack/Desktop/NeuroBloom/ios/build/NeuroBloom.xcarchive/Products/Applications/NeuroBloom.app/Frameworks/hermes.framework are []
2025-12-10 04:46:36 +0000 [MT] Archs to thin for item /Users/zack/Desktop/NeuroBloom/ios/build/NeuroBloom.xcarchive/Products/Applications/NeuroBloom.app are []
2025-12-10 04:46:36 +0000 [MT] Processing step: IDEDistributionODRStep
2025-12-10 04:46:36 +0000 [MT] Processing step: IDEDistributionStripXattrsStep
2025-12-10 04:46:36 +0000 [MT] Skipping stripping extended attributes because the codesign step will strip them.
2025-12-10 04:46:36 +0000 [MT] Skipping stripping extended attributes because the codesign step will strip them.
2025-12-10 04:46:36 +0000 [MT] Processing step: IDEDistributionCodesignStep
2025-12-10 04:46:36 +0000 [MT] Entitlements for <IDEDistributionItem: 0xa85be76c0; bundleID='dev.hermesengine.iphoneos', path='<DVTFilePath:0xa85b5dce0:'/Users/zack/Desktop/NeuroBloom/ios/build/NeuroBloom.xcarchive/Products/Applications/NeuroBloom.app/Frameworks/hermes.framework'>', codeSigningInfo='<_DVTCodeSigningInformation_Path: 0xa85be7660; isSigned='1', isAdHocSigned='0', signingCertificate='<DVTSigningCertificate: 0xa85b70240; name='iPhone Distribution: Zachary Walmer (Y885MQBBP4)', hash='8F53B51C8388FFE2ABB30A81F9DC5D2068E72027', serialNumber='33C6B6F3BC796B2276C8CD0A2659D5D8', certificateKinds='(
    "1.2.840.113635.100.6.1.4"
), issueDate='2025-12-06 03:14:49 +0000''>', entitlements='(null)', teamID='Y885MQBBP4', identifier='dev.hermesengine.iphoneos', executablePath='<DVTFilePath:0xa85aee7c0:'/Users/zack/Desktop/NeuroBloom/ios/build/NeuroBloom.xcarchive/Products/Applications/NeuroBloom.app/Frameworks/hermes.framework/hermes'>', hardenedRuntime='0'>'>: {
}
2025-12-10 04:46:36 +0000 [MT] Associated App Clip Identifiers Filter: Skipping because "com.apple.developer.associated-appclip-app-identifiers" is not present
2025-12-10 04:46:36 +0000 [MT] Entitlements for <IDEDistributionItem: 0xa85be76c0; bundleID='dev.hermesengine.iphoneos', path='<DVTFilePath:0xa85b5dce0:'/Users/zack/Desktop/NeuroBloom/ios/build/NeuroBloom.xcarchive/Products/Applications/NeuroBloom.app/Frameworks/hermes.framework'>', codeSigningInfo='<_DVTCodeSigningInformation_Path: 0xa85be7660; isSigned='1', isAdHocSigned='0', signingCertificate='<DVTSigningCertificate: 0xa85b70b40; name='iPhone Distribution: Zachary Walmer (Y885MQBBP4)', hash='8F53B51C8388FFE2ABB30A81F9DC5D2068E72027', serialNumber='33C6B6F3BC796B2276C8CD0A2659D5D8', certificateKinds='(
    "1.2.840.113635.100.6.1.4"
), issueDate='2025-12-06 03:14:49 +0000''>', entitlements='(null)', teamID='Y885MQBBP4', identifier='dev.hermesengine.iphoneos', executablePath='<DVTFilePath:0xa85aee7c0:'/Users/zack/Desktop/NeuroBloom/ios/build/NeuroBloom.xcarchive/Products/Applications/NeuroBloom.app/Frameworks/hermes.framework/hermes'>', hardenedRuntime='0'>'> are: {
}
2025-12-10 04:46:36 +0000 [MT] Writing entitlements for <IDEDistributionItem: 0xa85be76c0; bundleID='dev.hermesengine.iphoneos', path='<DVTFilePath:0xa85b5dce0:'/Users/zack/Desktop/NeuroBloom/ios/build/NeuroBloom.xcarchive/Products/Applications/NeuroBloom.app/Frameworks/hermes.framework'>', codeSigningInfo='<_DVTCodeSigningInformation_Path: 0xa85be7660; isSigned='1', isAdHocSigned='0', signingCertificate='<DVTSigningCertificate: 0xa85b70b40; name='iPhone Distribution: Zachary Walmer (Y885MQBBP4)', hash='8F53B51C8388FFE2ABB30A81F9DC5D2068E72027', serialNumber='33C6B6F3BC796B2276C8CD0A2659D5D8', certificateKinds='(
    "1.2.840.113635.100.6.1.4"
), issueDate='2025-12-06 03:14:49 +0000''>', entitlements='(null)', teamID='Y885MQBBP4', identifier='dev.hermesengine.iphoneos', executablePath='<DVTFilePath:0xa85aee7c0:'/Users/zack/Desktop/NeuroBloom/ios/build/NeuroBloom.xcarchive/Products/Applications/NeuroBloom.app/Frameworks/hermes.framework/hermes'>', hardenedRuntime='0'>'> to: /var/folders/fj/s4cn753s2mbc49s8t01td3kh0000gn/T/XcodeDistPipeline.~~~9kzzaG/entitlements~~~53Muae
2025-12-10 04:46:36 +0000 [MT] invoking codesign: <NSConcreteTask: 0xa85d42b70; launchPath='/usr/bin/codesign', arguments='(
    "-f",
    "-s",
    8F53B51C8388FFE2ABB30A81F9DC5D2068E72027,
    "--entitlements",
    "/var/folders/fj/s4cn753s2mbc49s8t01td3kh0000gn/T/XcodeDistPipeline.~~~9kzzaG/entitlements~~~53Muae",
    "--preserve-metadata=identifier,flags,runtime,launch-constraints,library-constraints",
    "--generate-entitlement-der",
    "--strip-disallowed-xattrs",
    "-vvv",
    "/var/folders/fj/s4cn753s2mbc49s8t01td3kh0000gn/T/XcodeDistPipeline.~~~9kzzaG/Root/Payload/NeuroBloom.app/Frameworks/hermes.framework"
)'>
2025-12-10 04:46:36 +0000 [MT] codesign output: /var/folders/fj/s4cn753s2mbc49s8t01td3kh0000gn/T/XcodeDistPipeline.~~~9kzzaG/Root/Payload/NeuroBloom.app/Frameworks/hermes.framework: replacing existing signature
/var/folders/fj/s4cn753s2mbc49s8t01td3kh0000gn/T/XcodeDistPipeline.~~~9kzzaG/Root/Payload/NeuroBloom.app/Frameworks/hermes.framework: signed bundle with Mach-O thin (arm64) [dev.hermesengine.iphoneos]
2025-12-10 04:46:36 +0000 [MT] Entitlements for <IDEDistributionItem: 0xa85be7720; bundleID='com.neurobloom.app', path='<DVTFilePath:0xa85aafba0:'/Users/zack/Desktop/NeuroBloom/ios/build/NeuroBloom.xcarchive/Products/Applications/NeuroBloom.app'>', codeSigningInfo='<_DVTCodeSigningInformation_Path: 0xa85be7780; isSigned='1', isAdHocSigned='0', signingCertificate='<DVTSigningCertificate: 0xa85b70240; name='iPhone Distribution: Zachary Walmer (Y885MQBBP4)', hash='8F53B51C8388FFE2ABB30A81F9DC5D2068E72027', serialNumber='33C6B6F3BC796B2276C8CD0A2659D5D8', certificateKinds='(
    "1.2.840.113635.100.6.1.4"
), issueDate='2025-12-06 03:14:49 +0000''>', entitlements='{
    "application-identifier" = "Y885MQBBP4.com.neurobloom.app";
    "beta-reports-active" = 1;
    "com.apple.developer.team-identifier" = Y885MQBBP4;
    "get-task-allow" = 0;
}', teamID='Y885MQBBP4', identifier='com.neurobloom.app', executablePath='<DVTFilePath:0xa85aed9e0:'/Users/zack/Desktop/NeuroBloom/ios/build/NeuroBloom.xcarchive/Products/Applications/NeuroBloom.app/NeuroBloom'>', hardenedRuntime='0'>'>: {
    "application-identifier" = "Y885MQBBP4.com.neurobloom.app";
    "beta-reports-active" = 1;
    "com.apple.developer.team-identifier" = Y885MQBBP4;
    "get-task-allow" = 0;
}
2025-12-10 04:46:36 +0000 [MT] Associated App Clip Identifiers Filter: Skipping because "com.apple.developer.associated-appclip-app-identifiers" is not present
2025-12-10 04:46:36 +0000 [MT] Entitlements for <IDEDistributionItem: 0xa85be7720; bundleID='com.neurobloom.app', path='<DVTFilePath:0xa85aafba0:'/Users/zack/Desktop/NeuroBloom/ios/build/NeuroBloom.xcarchive/Products/Applications/NeuroBloom.app'>', codeSigningInfo='<_DVTCodeSigningInformation_Path: 0xa85be7780; isSigned='1', isAdHocSigned='0', signingCertificate='<DVTSigningCertificate: 0xa85b70b40; name='iPhone Distribution: Zachary Walmer (Y885MQBBP4)', hash='8F53B51C8388FFE2ABB30A81F9DC5D2068E72027', serialNumber='33C6B6F3BC796B2276C8CD0A2659D5D8', certificateKinds='(
    "1.2.840.113635.100.6.1.4"
), issueDate='2025-12-06 03:14:49 +0000''>', entitlements='{
    "application-identifier" = "Y885MQBBP4.com.neurobloom.app";
    "beta-reports-active" = 1;
    "com.apple.developer.team-identifier" = Y885MQBBP4;
    "get-task-allow" = 0;
}', teamID='Y885MQBBP4', identifier='com.neurobloom.app', executablePath='<DVTFilePath:0xa85aed9e0:'/Users/zack/Desktop/NeuroBloom/ios/build/NeuroBloom.xcarchive/Products/Applications/NeuroBloom.app/NeuroBloom'>', hardenedRuntime='0'>'> are: {
    "application-identifier" = "Y885MQBBP4.com.neurobloom.app";
    "beta-reports-active" = 1;
    "com.apple.developer.team-identifier" = Y885MQBBP4;
    "get-task-allow" = 0;
}
2025-12-10 04:46:36 +0000 [MT] Writing entitlements for <IDEDistributionItem: 0xa85be7720; bundleID='com.neurobloom.app', path='<DVTFilePath:0xa85aafba0:'/Users/zack/Desktop/NeuroBloom/ios/build/NeuroBloom.xcarchive/Products/Applications/NeuroBloom.app'>', codeSigningInfo='<_DVTCodeSigningInformation_Path: 0xa85be7780; isSigned='1', isAdHocSigned='0', signingCertificate='<DVTSigningCertificate: 0xa85b70b40; name='iPhone Distribution: Zachary Walmer (Y885MQBBP4)', hash='8F53B51C8388FFE2ABB30A81F9DC5D2068E72027', serialNumber='33C6B6F3BC796B2276C8CD0A2659D5D8', certificateKinds='(
    "1.2.840.113635.100.6.1.4"
), issueDate='2025-12-06 03:14:49 +0000''>', entitlements='{
    "application-identifier" = "Y885MQBBP4.com.neurobloom.app";
    "beta-reports-active" = 1;
    "com.apple.developer.team-identifier" = Y885MQBBP4;
    "get-task-allow" = 0;
}', teamID='Y885MQBBP4', identifier='com.neurobloom.app', executablePath='<DVTFilePath:0xa85aed9e0:'/Users/zack/Desktop/NeuroBloom/ios/build/NeuroBloom.xcarchive/Products/Applications/NeuroBloom.app/NeuroBloom'>', hardenedRuntime='0'>'> to: /var/folders/fj/s4cn753s2mbc49s8t01td3kh0000gn/T/XcodeDistPipeline.~~~9kzzaG/entitlements~~~JlC2xx
2025-12-10 04:46:36 +0000 [MT] invoking codesign: <NSConcreteTask: 0xa85d42c60; launchPath='/usr/bin/codesign', arguments='(
    "-f",
    "-s",
    8F53B51C8388FFE2ABB30A81F9DC5D2068E72027,
    "--entitlements",
    "/var/folders/fj/s4cn753s2mbc49s8t01td3kh0000gn/T/XcodeDistPipeline.~~~9kzzaG/entitlements~~~JlC2xx",
    "--preserve-metadata=identifier,flags,runtime,launch-constraints,library-constraints",
    "--generate-entitlement-der",
    "--strip-disallowed-xattrs",
    "-vvv",
    "/var/folders/fj/s4cn753s2mbc49s8t01td3kh0000gn/T/XcodeDistPipeline.~~~9kzzaG/Root/Payload/NeuroBloom.app"
)'>
2025-12-10 04:46:36 +0000 [MT] codesign output: /var/folders/fj/s4cn753s2mbc49s8t01td3kh0000gn/T/XcodeDistPipeline.~~~9kzzaG/Root/Payload/NeuroBloom.app: replacing existing signature
/var/folders/fj/s4cn753s2mbc49s8t01td3kh0000gn/T/XcodeDistPipeline.~~~9kzzaG/Root/Payload/NeuroBloom.app: signed app bundle with Mach-O thin (arm64) [com.neurobloom.app]
2025-12-10 04:46:36 +0000 [MT] Processing step: IDEDistributionZipODRItemStep
2025-12-10 04:46:36 +0000 [MT] Skipping step: IDEDistributionZipODRItemStep because it said so
2025-12-10 04:46:36 +0000 [MT] Skipping step: IDEDistributionZipODRItemStep because it said so
2025-12-10 04:46:36 +0000 [MT] Processing step: IDEDistributionCreateIPAStep
2025-12-10 04:46:36 +0000 [MT] Running /usr/bin/rsync '-8aPhhE' '/var/folders/fj/s4cn753s2mbc49s8t01td3kh0000gn/T/XcodeDistPipeline.~~~9kzzaG/Symbols' '--link-dest' '/var/folders/fj/s4cn753s2mbc49s8t01td3kh0000gn/T/XcodeDistPipeline.~~~9kzzaG' '/var/folders/fj/s4cn753s2mbc49s8t01td3kh0000gn/T/XcodeDistPipeline.~~~9kzzaG/Root'
2025-12-10 04:46:36 +0000  Symbols/
._Symbols
            163 170%    3.98MB/s   00:00:00 (xfer#1, to-check=0/4)
2025-12-10 04:46:36 +0000  Symbols/466A3B3E-EC84-3B15-A9C9-7CE544ED565C.symbols
Symbols/._466A3B3E-EC84-3B15-A9C9-7CE544ED565C.symbols
            163   0%  404.15KB/s   00:00:00 (xfer#2, to-check=2/4)
2025-12-10 04:46:36 +0000 [MT] /usr/bin/rsync exited with 0
2025-12-10 04:46:36 +0000 [MT] Running /usr/bin/ditto '-V' '-c' '-k' '--norsrc' '/var/folders/fj/s4cn753s2mbc49s8t01td3kh0000gn/T/XcodeDistPipeline.~~~9kzzaG/Root' '/var/folders/fj/s4cn753s2mbc49s8t01td3kh0000gn/T/XcodeDistPipeline.~~~9kzzaG/Packages/NeuroBloom.ipa'
2025-12-10 04:46:36 +0000  >>> Copying /var/folders/fj/s4cn753s2mbc49s8t01td3kh0000gn/T/XcodeDistPipeline.~~~9kzzaG/Root 
2025-12-10 04:46:36 +0000  copying file ./Payload/NeuroBloom.app/_CodeSignature/CodeResources ... 
2025-12-10 04:46:36 +0000  31357 bytes for ./Payload/NeuroBloom.app/_CodeSignature/CodeResources
2025-12-10 04:46:36 +0000  copying file ./Payload/NeuroBloom.app/SplashScreen.storyboardc/EXPO-VIEWCONTROLLER-1-view-EXPO-ContainerView.nib ... 
2025-12-10 04:46:36 +0000  2108 bytes for ./Payload/NeuroBloom.app/SplashScreen.storyboardc/EXPO-VIEWCONTROLLER-1-view-EXPO-ContainerView.nib
2025-12-10 04:46:36 +0000  copying file ./Payload/NeuroBloom.app/SplashScreen.storyboardc/SplashScreenViewController.nib ... 
2025-12-10 04:46:36 +0000  1004 bytes for ./Payload/NeuroBloom.app/SplashScreen.storyboardc/SplashScreenViewController.nib
2025-12-10 04:46:36 +0000  copying file ./Payload/NeuroBloom.app/SplashScreen.storyboardc/Info.plist ... 
2025-12-10 04:46:36 +0000  225 bytes for ./Payload/NeuroBloom.app/SplashScreen.storyboardc/Info.plist
2025-12-10 04:46:36 +0000  copying file ./Payload/NeuroBloom.app/glog_privacy.bundle/Info.plist ... 
2025-12-10 04:46:36 +0000  768 bytes for ./Payload/NeuroBloom.app/glog_privacy.bundle/Info.plist
2025-12-10 04:46:36 +0000  copying file ./Payload/NeuroBloom.app/AppIcon60x60@2x.png ... 
2025-12-10 04:46:36 +0000  9270 bytes for ./Payload/NeuroBloom.app/AppIcon60x60@2x.png
2025-12-10 04:46:36 +0000  copying file ./Payload/NeuroBloom.app/ExpoConstants_privacy.bundle/PrivacyInfo.xcprivacy ... 
2025-12-10 04:46:36 +0000  607 bytes for ./Payload/NeuroBloom.app/ExpoConstants_privacy.bundle/PrivacyInfo.xcprivacy
2025-12-10 04:46:36 +0000  copying file ./Payload/NeuroBloom.app/ExpoConstants_privacy.bundle/Info.plist ... 
2025-12-10 04:46:36 +0000  790 bytes for ./Payload/NeuroBloom.app/ExpoConstants_privacy.bundle/Info.plist
2025-12-10 04:46:36 +0000  copying file ./Payload/NeuroBloom.app/React-cxxreact_privacy.bundle/PrivacyInfo.xcprivacy ... 
2025-12-10 04:46:36 +0000  552 bytes for ./Payload/NeuroBloom.app/React-cxxreact_privacy.bundle/PrivacyInfo.xcprivacy
2025-12-10 04:46:36 +0000  copying file ./Payload/NeuroBloom.app/React-cxxreact_privacy.bundle/Info.plist ... 
2025-12-10 04:46:36 +0000  791 bytes for ./Payload/NeuroBloom.app/React-cxxreact_privacy.bundle/Info.plist
2025-12-10 04:46:36 +0000  copying file ./Payload/NeuroBloom.app/NeuroBloom ... 
2025-12-10 04:46:36 +0000  7303904 bytes for ./Payload/NeuroBloom.app/NeuroBloom
2025-12-10 04:46:36 +0000  copying file ./Payload/NeuroBloom.app/RCT-Folly_privacy.bundle/Info.plist ... 
2025-12-10 04:46:36 +0000  785 bytes for ./Payload/NeuroBloom.app/RCT-Folly_privacy.bundle/Info.plist
copying file ./Payload/NeuroBloom.app/Assets.car ... 
2025-12-10 04:46:36 +0000  1106024 bytes for ./Payload/NeuroBloom.app/Assets.car
2025-12-10 04:46:36 +0000  copying file ./Payload/NeuroBloom.app/AppIcon76x76@2x~ipad.png ... 
2025-12-10 04:46:36 +0000  14420 bytes for ./Payload/NeuroBloom.app/AppIcon76x76@2x~ipad.png
2025-12-10 04:46:36 +0000  copying file ./Payload/NeuroBloom.app/main.jsbundle ... 
2025-12-10 04:46:36 +0000  5844198 bytes for ./Payload/NeuroBloom.app/main.jsbundle
2025-12-10 04:46:36 +0000  copying file ./Payload/NeuroBloom.app/EXConstants.bundle/app.config ... 
2025-12-10 04:46:36 +0000  1133 bytes for ./Payload/NeuroBloom.app/EXConstants.bundle/app.config
copying file ./Payload/NeuroBloom.app/EXConstants.bundle/Info.plist ... 
2025-12-10 04:46:36 +0000  768 bytes for ./Payload/NeuroBloom.app/EXConstants.bundle/Info.plist
2025-12-10 04:46:36 +0000  copying file ./Payload/NeuroBloom.app/PrivacyInfo.xcprivacy ... 
2025-12-10 04:46:36 +0000  1283 bytes for ./Payload/NeuroBloom.app/PrivacyInfo.xcprivacy
2025-12-10 04:46:36 +0000  copying file ./Payload/NeuroBloom.app/RNSVGFilters.bundle/RNSVGArithmeticFilter.iphoneos.metallib ... 
2025-12-10 04:46:36 +0000  3993 bytes for ./Payload/NeuroBloom.app/RNSVGFilters.bundle/RNSVGArithmeticFilter.iphoneos.metallib
2025-12-10 04:46:36 +0000  copying file ./Payload/NeuroBloom.app/RNSVGFilters.bundle/RNSVGCompositeXor.iphoneos.metallib ... 
2025-12-10 04:46:36 +0000  3509 bytes for ./Payload/NeuroBloom.app/RNSVGFilters.bundle/RNSVGCompositeXor.iphoneos.metallib
2025-12-10 04:46:36 +0000  copying file ./Payload/NeuroBloom.app/RNSVGFilters.bundle/Info.plist ... 
2025-12-10 04:46:36 +0000  770 bytes for ./Payload/NeuroBloom.app/RNSVGFilters.bundle/Info.plist
2025-12-10 04:46:36 +0000  copying file ./Payload/NeuroBloom.app/ExpoFileSystem_privacy.bundle/PrivacyInfo.xcprivacy ... 
2025-12-10 04:46:36 +0000  877 bytes for ./Payload/NeuroBloom.app/ExpoFileSystem_privacy.bundle/PrivacyInfo.xcprivacy
copying file ./Payload/NeuroBloom.app/ExpoFileSystem_privacy.bundle/Info.plist ... 
2025-12-10 04:46:36 +0000  792 bytes for ./Payload/NeuroBloom.app/ExpoFileSystem_privacy.bundle/Info.plist
2025-12-10 04:46:36 +0000  copying file ./Payload/NeuroBloom.app/boost_privacy.bundle/Info.plist ... 
2025-12-10 04:46:36 +0000  771 bytes for ./Payload/NeuroBloom.app/boost_privacy.bundle/Info.plist
2025-12-10 04:46:36 +0000  copying file ./Payload/NeuroBloom.app/Frameworks/hermes.framework/_CodeSignature/CodeResources ... 
2025-12-10 04:46:36 +0000  1798 bytes for ./Payload/NeuroBloom.app/Frameworks/hermes.framework/_CodeSignature/CodeResources
2025-12-10 04:46:36 +0000  copying file ./Payload/NeuroBloom.app/Frameworks/hermes.framework/hermes ... 
2025-12-10 04:46:37 +0000  4728064 bytes for ./Payload/NeuroBloom.app/Frameworks/hermes.framework/hermes
2025-12-10 04:46:37 +0000  copying file ./Payload/NeuroBloom.app/Frameworks/hermes.framework/Info.plist ... 
2025-12-10 04:46:37 +0000  859 bytes for ./Payload/NeuroBloom.app/Frameworks/hermes.framework/Info.plist
2025-12-10 04:46:37 +0000  copying file ./Payload/NeuroBloom.app/embedded.mobileprovision ... 
2025-12-10 04:46:37 +0000  12288 bytes for ./Payload/NeuroBloom.app/embedded.mobileprovision
2025-12-10 04:46:37 +0000  copying file ./Payload/NeuroBloom.app/assets/node_modules/@expo-google-fonts/inter/200ExtraLight/Inter_200ExtraLight.ttf ... 
2025-12-10 04:46:37 +0000  343180 bytes for ./Payload/NeuroBloom.app/assets/node_modules/@expo-google-fonts/inter/200ExtraLight/Inter_200ExtraLight.ttf
2025-12-10 04:46:37 +0000  copying file ./Payload/NeuroBloom.app/assets/node_modules/@expo-google-fonts/inter/800ExtraBold/Inter_800ExtraBold.ttf ... 
2025-12-10 04:46:37 +0000  344900 bytes for ./Payload/NeuroBloom.app/assets/node_modules/@expo-google-fonts/inter/800ExtraBold/Inter_800ExtraBold.ttf
2025-12-10 04:46:37 +0000  copying file ./Payload/NeuroBloom.app/assets/node_modules/@expo-google-fonts/inter/700Bold_Italic/Inter_700Bold_Italic.ttf ... 
2025-12-10 04:46:37 +0000  347824 bytes for ./Payload/NeuroBloom.app/assets/node_modules/@expo-google-fonts/inter/700Bold_Italic/Inter_700Bold_Italic.ttf
2025-12-10 04:46:37 +0000  copying file ./Payload/NeuroBloom.app/assets/node_modules/@expo-google-fonts/inter/500Medium_Italic/Inter_500Medium_Italic.ttf ... 
2025-12-10 04:46:37 +0000  346444 bytes for ./Payload/NeuroBloom.app/assets/node_modules/@expo-google-fonts/inter/500Medium_Italic/Inter_500Medium_Italic.ttf
2025-12-10 04:46:37 +0000  copying file ./Payload/NeuroBloom.app/assets/node_modules/@expo-google-fonts/inter/600SemiBold_Italic/Inter_600SemiBold_Italic.ttf ... 
2025-12-10 04:46:37 +0000  347292 bytes for ./Payload/NeuroBloom.app/assets/node_modules/@expo-google-fonts/inter/600SemiBold_Italic/Inter_600SemiBold_Italic.ttf
2025-12-10 04:46:37 +0000  copying file ./Payload/NeuroBloom.app/assets/node_modules/@expo-google-fonts/inter/400Regular_Italic/Inter_400Regular_Italic.ttf ... 
2025-12-10 04:46:37 +0000  345956 bytes for ./Payload/NeuroBloom.app/assets/node_modules/@expo-google-fonts/inter/400Regular_Italic/Inter_400Regular_Italic.ttf
2025-12-10 04:46:37 +0000  copying file ./Payload/NeuroBloom.app/assets/node_modules/@expo-google-fonts/inter/100Thin_Italic/Inter_100Thin_Italic.ttf ... 
2025-12-10 04:46:37 +0000  346824 bytes for ./Payload/NeuroBloom.app/assets/node_modules/@expo-google-fonts/inter/100Thin_Italic/Inter_100Thin_Italic.ttf
2025-12-10 04:46:37 +0000  copying file ./Payload/NeuroBloom.app/assets/node_modules/@expo-google-fonts/inter/600SemiBold/Inter_600SemiBold.ttf ... 
2025-12-10 04:46:37 +0000  343632 bytes for ./Payload/NeuroBloom.app/assets/node_modules/@expo-google-fonts/inter/600SemiBold/Inter_600SemiBold.ttf
2025-12-10 04:46:37 +0000  copying file ./Payload/NeuroBloom.app/assets/node_modules/@expo-google-fonts/inter/500Medium/Inter_500Medium.ttf ... 
2025-12-10 04:46:37 +0000  342892 bytes for ./Payload/NeuroBloom.app/assets/node_modules/@expo-google-fonts/inter/500Medium/Inter_500Medium.ttf
2025-12-10 04:46:37 +0000  copying file ./Payload/NeuroBloom.app/assets/node_modules/@expo-google-fonts/inter/300Light_Italic/Inter_300Light_Italic.ttf ... 
2025-12-10 04:46:37 +0000  346892 bytes for ./Payload/NeuroBloom.app/assets/node_modules/@expo-google-fonts/inter/300Light_Italic/Inter_300Light_Italic.ttf
2025-12-10 04:46:37 +0000  copying file ./Payload/NeuroBloom.app/assets/node_modules/@expo-google-fonts/inter/800ExtraBold_Italic/Inter_800ExtraBold_Italic.ttf ... 
2025-12-10 04:46:37 +0000  348700 bytes for ./Payload/NeuroBloom.app/assets/node_modules/@expo-google-fonts/inter/800ExtraBold_Italic/Inter_800ExtraBold_Italic.ttf
2025-12-10 04:46:37 +0000  copying file ./Payload/NeuroBloom.app/assets/node_modules/@expo-google-fonts/inter/900Black/Inter_900Black.ttf ... 
2025-12-10 04:46:37 +0000  344840 bytes for ./Payload/NeuroBloom.app/assets/node_modules/@expo-google-fonts/inter/900Black/Inter_900Black.ttf
2025-12-10 04:46:37 +0000  copying file ./Payload/NeuroBloom.app/assets/node_modules/@expo-google-fonts/inter/700Bold/Inter_700Bold.ttf ... 
2025-12-10 04:46:37 +0000  344072 bytes for ./Payload/NeuroBloom.app/assets/node_modules/@expo-google-fonts/inter/700Bold/Inter_700Bold.ttf
2025-12-10 04:46:37 +0000  copying file ./Payload/NeuroBloom.app/assets/node_modules/@expo-google-fonts/inter/100Thin/Inter_100Thin.ttf ... 
2025-12-10 04:46:37 +0000  342616 bytes for ./Payload/NeuroBloom.app/assets/node_modules/@expo-google-fonts/inter/100Thin/Inter_100Thin.ttf
2025-12-10 04:46:37 +0000  copying file ./Payload/NeuroBloom.app/assets/node_modules/@expo-google-fonts/inter/900Black_Italic/Inter_900Black_Italic.ttf ... 
2025-12-10 04:46:37 +0000  348732 bytes for ./Payload/NeuroBloom.app/assets/node_modules/@expo-google-fonts/inter/900Black_Italic/Inter_900Black_Italic.ttf
2025-12-10 04:46:37 +0000  copying file ./Payload/NeuroBloom.app/assets/node_modules/@expo-google-fonts/inter/200ExtraLight_Italic/Inter_200ExtraLight_Italic.ttf ... 
2025-12-10 04:46:37 +0000  347072 bytes for ./Payload/NeuroBloom.app/assets/node_modules/@expo-google-fonts/inter/200ExtraLight_Italic/Inter_200ExtraLight_Italic.ttf
2025-12-10 04:46:37 +0000  copying file ./Payload/NeuroBloom.app/assets/node_modules/@expo-google-fonts/inter/400Regular/Inter_400Regular.ttf ... 
2025-12-10 04:46:37 +0000  342408 bytes for ./Payload/NeuroBloom.app/assets/node_modules/@expo-google-fonts/inter/400Regular/Inter_400Regular.ttf
2025-12-10 04:46:37 +0000  copying file ./Payload/NeuroBloom.app/assets/node_modules/@expo-google-fonts/inter/300Light/Inter_300Light.ttf ... 
2025-12-10 04:46:37 +0000  343320 bytes for ./Payload/NeuroBloom.app/assets/node_modules/@expo-google-fonts/inter/300Light/Inter_300Light.ttf
2025-12-10 04:46:37 +0000  copying file ./Payload/NeuroBloom.app/assets/node_modules/@react-navigation/elements/lib/module/assets/back-icon@3x.png ... 
2025-12-10 04:46:37 +0000  761 bytes for ./Payload/NeuroBloom.app/assets/node_modules/@react-navigation/elements/lib/module/assets/back-icon@3x.png
2025-12-10 04:46:37 +0000  copying file ./Payload/NeuroBloom.app/assets/node_modules/@react-navigation/elements/lib/module/assets/back-icon@2x.png ... 
2025-12-10 04:46:37 +0000  405 bytes for ./Payload/NeuroBloom.app/assets/node_modules/@react-navigation/elements/lib/module/assets/back-icon@2x.png
2025-12-10 04:46:37 +0000  copying file ./Payload/NeuroBloom.app/assets/node_modules/@react-navigation/elements/lib/module/assets/search-icon@2x.png ... 
2025-12-10 04:46:37 +0000  589 bytes for ./Payload/NeuroBloom.app/assets/node_modules/@react-navigation/elements/lib/module/assets/search-icon@2x.png
2025-12-10 04:46:37 +0000  copying file ./Payload/NeuroBloom.app/assets/node_modules/@react-navigation/elements/lib/module/assets/clear-icon@3x.png ... 
2025-12-10 04:46:37 +0000  502 bytes for ./Payload/NeuroBloom.app/assets/node_modules/@react-navigation/elements/lib/module/assets/clear-icon@3x.png
copying file ./Payload/NeuroBloom.app/assets/node_modules/@react-navigation/elements/lib/module/assets/back-icon.png ... 
2025-12-10 04:46:37 +0000  290 bytes for ./Payload/NeuroBloom.app/assets/node_modules/@react-navigation/elements/lib/module/assets/back-icon.png
copying file ./Payload/NeuroBloom.app/assets/node_modules/@react-navigation/elements/lib/module/assets/clear-icon@2x.png ... 
2025-12-10 04:46:37 +0000  334 bytes for ./Payload/NeuroBloom.app/assets/node_modules/@react-navigation/elements/lib/module/assets/clear-icon@2x.png
2025-12-10 04:46:37 +0000  copying file ./Payload/NeuroBloom.app/assets/node_modules/@react-navigation/elements/lib/module/assets/search-icon@3x.png ... 
2025-12-10 04:46:37 +0000  839 bytes for ./Payload/NeuroBloom.app/assets/node_modules/@react-navigation/elements/lib/module/assets/search-icon@3x.png
2025-12-10 04:46:37 +0000  copying file ./Payload/NeuroBloom.app/assets/node_modules/@react-navigation/elements/lib/module/assets/close-icon.png ... 
2025-12-10 04:46:37 +0000  141 bytes for ./Payload/NeuroBloom.app/assets/node_modules/@react-navigation/elements/lib/module/assets/close-icon.png
2025-12-10 04:46:37 +0000  copying file ./Payload/NeuroBloom.app/assets/node_modules/@react-navigation/elements/lib/module/assets/back-icon-mask.png ... 
2025-12-10 04:46:37 +0000  653 bytes for ./Payload/NeuroBloom.app/assets/node_modules/@react-navigation/elements/lib/module/assets/back-icon-mask.png
2025-12-10 04:46:37 +0000  copying file ./Payload/NeuroBloom.app/assets/node_modules/@react-navigation/elements/lib/module/assets/close-icon@2x.png ... 
2025-12-10 04:46:37 +0000  201 bytes for ./Payload/NeuroBloom.app/assets/node_modules/@react-navigation/elements/lib/module/assets/close-icon@2x.png
2025-12-10 04:46:37 +0000  copying file ./Payload/NeuroBloom.app/assets/node_modules/@react-navigation/elements/lib/module/assets/close-icon@3x.png ... 
2025-12-10 04:46:37 +0000  266 bytes for ./Payload/NeuroBloom.app/assets/node_modules/@react-navigation/elements/lib/module/assets/close-icon@3x.png
2025-12-10 04:46:37 +0000  copying file ./Payload/NeuroBloom.app/assets/node_modules/@react-navigation/elements/lib/module/assets/clear-icon.png ... 
2025-12-10 04:46:37 +0000  220 bytes for ./Payload/NeuroBloom.app/assets/node_modules/@react-navigation/elements/lib/module/assets/clear-icon.png
2025-12-10 04:46:37 +0000  copying file ./Payload/NeuroBloom.app/assets/node_modules/@react-navigation/elements/lib/module/assets/search-icon.png ... 
2025-12-10 04:46:37 +0000  317 bytes for ./Payload/NeuroBloom.app/assets/node_modules/@react-navigation/elements/lib/module/assets/search-icon.png
2025-12-10 04:46:37 +0000  copying file ./Payload/NeuroBloom.app/assets/node_modules/expo/node_modules/@expo/vector-icons/build/vendor/react-native-vector-icons/Fonts/Fontisto.ttf ... 
2025-12-10 04:46:37 +0000  313528 bytes for ./Payload/NeuroBloom.app/assets/node_modules/expo/node_modules/@expo/vector-icons/build/vendor/react-native-vector-icons/Fonts/Fontisto.ttf
2025-12-10 04:46:37 +0000  copying file ./Payload/NeuroBloom.app/assets/node_modules/expo/node_modules/@expo/vector-icons/build/vendor/react-native-vector-icons/Fonts/Octicons.ttf ... 
2025-12-10 04:46:37 +0000  69436 bytes for ./Payload/NeuroBloom.app/assets/node_modules/expo/node_modules/@expo/vector-icons/build/vendor/react-native-vector-icons/Fonts/Octicons.ttf
2025-12-10 04:46:37 +0000  copying file ./Payload/NeuroBloom.app/assets/node_modules/expo/node_modules/@expo/vector-icons/build/vendor/react-native-vector-icons/Fonts/Feather.ttf ... 
2025-12-10 04:46:37 +0000  55596 bytes for ./Payload/NeuroBloom.app/assets/node_modules/expo/node_modules/@expo/vector-icons/build/vendor/react-native-vector-icons/Fonts/Feather.ttf
2025-12-10 04:46:37 +0000  copying file ./Payload/NeuroBloom.app/assets/node_modules/expo/node_modules/@expo/vector-icons/build/vendor/react-native-vector-icons/Fonts/FontAwesome6_Regular.ttf ... 
2025-12-10 04:46:37 +0000  67976 bytes for ./Payload/NeuroBloom.app/assets/node_modules/expo/node_modules/@expo/vector-icons/build/vendor/react-native-vector-icons/Fonts/FontAwesome6_Regular.ttf
2025-12-10 04:46:37 +0000  copying file ./Payload/NeuroBloom.app/assets/node_modules/expo/node_modules/@expo/vector-icons/build/vendor/react-native-vector-icons/Fonts/Entypo.ttf ... 
2025-12-10 04:46:37 +0000  66200 bytes for ./Payload/NeuroBloom.app/assets/node_modules/expo/node_modules/@expo/vector-icons/build/vendor/react-native-vector-icons/Fonts/Entypo.ttf
2025-12-10 04:46:37 +0000  copying file ./Payload/NeuroBloom.app/assets/node_modules/expo/node_modules/@expo/vector-icons/build/vendor/react-native-vector-icons/Fonts/FontAwesome5_Brands.ttf ... 
2025-12-10 04:46:37 +0000  134040 bytes for ./Payload/NeuroBloom.app/assets/node_modules/expo/node_modules/@expo/vector-icons/build/vendor/react-native-vector-icons/Fonts/FontAwesome5_Brands.ttf
2025-12-10 04:46:37 +0000  copying file ./Payload/NeuroBloom.app/assets/node_modules/expo/node_modules/@expo/vector-icons/build/vendor/react-native-vector-icons/Fonts/MaterialCommunityIcons.ttf ... 
2025-12-10 04:46:37 +0000  1307660 bytes for ./Payload/NeuroBloom.app/assets/node_modules/expo/node_modules/@expo/vector-icons/build/vendor/react-native-vector-icons/Fonts/MaterialCommunityIcons.ttf
2025-12-10 04:46:37 +0000  copying file ./Payload/NeuroBloom.app/assets/node_modules/expo/node_modules/@expo/vector-icons/build/vendor/react-native-vector-icons/Fonts/AntDesign.ttf ... 
2025-12-10 04:46:37 +0000  130484 bytes for ./Payload/NeuroBloom.app/assets/node_modules/expo/node_modules/@expo/vector-icons/build/vendor/react-native-vector-icons/Fonts/AntDesign.ttf
2025-12-10 04:46:37 +0000  copying file ./Payload/NeuroBloom.app/assets/node_modules/expo/node_modules/@expo/vector-icons/build/vendor/react-native-vector-icons/Fonts/Foundation.ttf ... 
2025-12-10 04:46:37 +0000  56976 bytes for ./Payload/NeuroBloom.app/assets/node_modules/expo/node_modules/@expo/vector-icons/build/vendor/react-native-vector-icons/Fonts/Foundation.ttf
2025-12-10 04:46:37 +0000  copying file ./Payload/NeuroBloom.app/assets/node_modules/expo/node_modules/@expo/vector-icons/build/vendor/react-native-vector-icons/Fonts/Ionicons.ttf ... 
2025-12-10 04:46:37 +0000  389724 bytes for ./Payload/NeuroBloom.app/assets/node_modules/expo/node_modules/@expo/vector-icons/build/vendor/react-native-vector-icons/Fonts/Ionicons.ttf
2025-12-10 04:46:37 +0000  copying file ./Payload/NeuroBloom.app/assets/node_modules/expo/node_modules/@expo/vector-icons/build/vendor/react-native-vector-icons/Fonts/FontAwesome5_Solid.ttf ... 
2025-12-10 04:46:37 +0000  202744 bytes for ./Payload/NeuroBloom.app/assets/node_modules/expo/node_modules/@expo/vector-icons/build/vendor/react-native-vector-icons/Fonts/FontAwesome5_Solid.ttf
2025-12-10 04:46:37 +0000  copying file ./Payload/NeuroBloom.app/assets/node_modules/expo/node_modules/@expo/vector-icons/build/vendor/react-native-vector-icons/Fonts/FontAwesome5_Regular.ttf ... 
2025-12-10 04:46:37 +0000  33736 bytes for ./Payload/NeuroBloom.app/assets/node_modules/expo/node_modules/@expo/vector-icons/build/vendor/react-native-vector-icons/Fonts/FontAwesome5_Regular.ttf
2025-12-10 04:46:37 +0000  copying file ./Payload/NeuroBloom.app/assets/node_modules/expo/node_modules/@expo/vector-icons/build/vendor/react-native-vector-icons/Fonts/FontAwesome.ttf ... 
2025-12-10 04:46:37 +0000  165548 bytes for ./Payload/NeuroBloom.app/assets/node_modules/expo/node_modules/@expo/vector-icons/build/vendor/react-native-vector-icons/Fonts/FontAwesome.ttf
2025-12-10 04:46:37 +0000  copying file ./Payload/NeuroBloom.app/assets/node_modules/expo/node_modules/@expo/vector-icons/build/vendor/react-native-vector-icons/Fonts/Zocial.ttf ... 
2025-12-10 04:46:37 +0000  25788 bytes for ./Payload/NeuroBloom.app/assets/node_modules/expo/node_modules/@expo/vector-icons/build/vendor/react-native-vector-icons/Fonts/Zocial.ttf
2025-12-10 04:46:37 +0000  copying file ./Payload/NeuroBloom.app/assets/node_modules/expo/node_modules/@expo/vector-icons/build/vendor/react-native-vector-icons/Fonts/EvilIcons.ttf ... 
2025-12-10 04:46:37 +0000  13456 bytes for ./Payload/NeuroBloom.app/assets/node_modules/expo/node_modules/@expo/vector-icons/build/vendor/react-native-vector-icons/Fonts/EvilIcons.ttf
2025-12-10 04:46:37 +0000  copying file ./Payload/NeuroBloom.app/assets/node_modules/expo/node_modules/@expo/vector-icons/build/vendor/react-native-vector-icons/Fonts/FontAwesome6_Solid.ttf ... 
2025-12-10 04:46:37 +0000  423676 bytes for ./Payload/NeuroBloom.app/assets/node_modules/expo/node_modules/@expo/vector-icons/build/vendor/react-native-vector-icons/Fonts/FontAwesome6_Solid.ttf
2025-12-10 04:46:37 +0000  copying file ./Payload/NeuroBloom.app/assets/node_modules/expo/node_modules/@expo/vector-icons/build/vendor/react-native-vector-icons/Fonts/SimpleLineIcons.ttf ... 
2025-12-10 04:46:37 +0000  54056 bytes for ./Payload/NeuroBloom.app/assets/node_modules/expo/node_modules/@expo/vector-icons/build/vendor/react-native-vector-icons/Fonts/SimpleLineIcons.ttf
2025-12-10 04:46:37 +0000  copying file ./Payload/NeuroBloom.app/assets/node_modules/expo/node_modules/@expo/vector-icons/build/vendor/react-native-vector-icons/Fonts/FontAwesome6_Brands.ttf ... 
2025-12-10 04:46:37 +0000  209376 bytes for ./Payload/NeuroBloom.app/assets/node_modules/expo/node_modules/@expo/vector-icons/build/vendor/react-native-vector-icons/Fonts/FontAwesome6_Brands.ttf
2025-12-10 04:46:37 +0000  copying file ./Payload/NeuroBloom.app/assets/node_modules/expo/node_modules/@expo/vector-icons/build/vendor/react-native-vector-icons/Fonts/MaterialIcons.ttf ... 
2025-12-10 04:46:37 +0000  356840 bytes for ./Payload/NeuroBloom.app/assets/node_modules/expo/node_modules/@expo/vector-icons/build/vendor/react-native-vector-icons/Fonts/MaterialIcons.ttf
2025-12-10 04:46:37 +0000  copying file ./Payload/NeuroBloom.app/assets/node_modules/expo-router/assets/pkg.png ... 
2025-12-10 04:46:37 +0000  364 bytes for ./Payload/NeuroBloom.app/assets/node_modules/expo-router/assets/pkg.png
2025-12-10 04:46:37 +0000  copying file ./Payload/NeuroBloom.app/assets/node_modules/expo-router/assets/unmatched.png ... 
2025-12-10 04:46:37 +0000  4752 bytes for ./Payload/NeuroBloom.app/assets/node_modules/expo-router/assets/unmatched.png
2025-12-10 04:46:37 +0000  copying file ./Payload/NeuroBloom.app/assets/node_modules/expo-router/assets/file.png ... 
2025-12-10 04:46:37 +0000  138 bytes for ./Payload/NeuroBloom.app/assets/node_modules/expo-router/assets/file.png
2025-12-10 04:46:37 +0000  copying file ./Payload/NeuroBloom.app/assets/node_modules/expo-router/assets/forward.png ... 
2025-12-10 04:46:37 +0000  188 bytes for ./Payload/NeuroBloom.app/assets/node_modules/expo-router/assets/forward.png
2025-12-10 04:46:37 +0000  copying file ./Payload/NeuroBloom.app/assets/node_modules/expo-router/assets/error.png ... 
2025-12-10 04:46:37 +0000  469 bytes for ./Payload/NeuroBloom.app/assets/node_modules/expo-router/assets/error.png
2025-12-10 04:46:37 +0000  copying file ./Payload/NeuroBloom.app/assets/node_modules/expo-router/assets/sitemap.png ... 
2025-12-10 04:46:37 +0000  465 bytes for ./Payload/NeuroBloom.app/assets/node_modules/expo-router/assets/sitemap.png
2025-12-10 04:46:37 +0000  copying file ./Payload/NeuroBloom.app/assets/node_modules/expo-router/assets/arrow_down.png ... 
2025-12-10 04:46:37 +0000  9456 bytes for ./Payload/NeuroBloom.app/assets/node_modules/expo-router/assets/arrow_down.png
2025-12-10 04:46:37 +0000  copying file ./Payload/NeuroBloom.app/assets/assets/images/lilly-character.png ... 
2025-12-10 04:46:37 +0000  406234 bytes for ./Payload/NeuroBloom.app/assets/assets/images/lilly-character.png
2025-12-10 04:46:37 +0000  copying file ./Payload/NeuroBloom.app/assets/assets/neurobloom-logo.png ... 
2025-12-10 04:46:37 +0000  103257 bytes for ./Payload/NeuroBloom.app/assets/assets/neurobloom-logo.png
2025-12-10 04:46:37 +0000  copying file ./Payload/NeuroBloom.app/Info.plist ... 
2025-12-10 04:46:37 +0000  1957 bytes for ./Payload/NeuroBloom.app/Info.plist
2025-12-10 04:46:37 +0000  copying file ./Payload/NeuroBloom.app/Expo.plist ... 
2025-12-10 04:46:37 +0000  132 bytes for ./Payload/NeuroBloom.app/Expo.plist
2025-12-10 04:46:37 +0000  copying file ./Payload/NeuroBloom.app/RNCAsyncStorage_resources.bundle/PrivacyInfo.xcprivacy ... 
2025-12-10 04:46:37 +0000  512 bytes for ./Payload/NeuroBloom.app/RNCAsyncStorage_resources.bundle/PrivacyInfo.xcprivacy
copying file ./Payload/NeuroBloom.app/RNCAsyncStorage_resources.bundle/Info.plist ... 
2025-12-10 04:46:37 +0000  795 bytes for ./Payload/NeuroBloom.app/RNCAsyncStorage_resources.bundle/Info.plist
2025-12-10 04:46:37 +0000  copying file ./Payload/NeuroBloom.app/PkgInfo ... 
2025-12-10 04:46:37 +0000  8 bytes for ./Payload/NeuroBloom.app/PkgInfo
2025-12-10 04:46:37 +0000  copying file ./Payload/NeuroBloom.app/React-Core_privacy.bundle/PrivacyInfo.xcprivacy ... 
2025-12-10 04:46:37 +0000  768 bytes for ./Payload/NeuroBloom.app/React-Core_privacy.bundle/PrivacyInfo.xcprivacy
2025-12-10 04:46:37 +0000  copying file ./Payload/NeuroBloom.app/React-Core_privacy.bundle/Info.plist ... 
2025-12-10 04:46:37 +0000  783 bytes for ./Payload/NeuroBloom.app/React-Core_privacy.bundle/Info.plist
2025-12-10 04:46:37 +0000  copying file ./Symbols/466A3B3E-EC84-3B15-A9C9-7CE544ED565C.symbols ... 
2025-12-10 04:46:37 +0000  28449796 bytes for ./Symbols/466A3B3E-EC84-3B15-A9C9-7CE544ED565C.symbols
2025-12-10 04:46:37 +0000 [MT] /usr/bin/ditto exited with 0
2025-12-10 04:46:37 +0000 [MT] Processing step: IDEDistributionAppStoreInformationStep
2025-12-10 04:46:37 +0000 [MT] Skipping step: IDEDistributionAppStoreInformationStep because it said so
2025-12-10 04:46:37 +0000 [MT] Processing step: IDEDistributionGenerateProcessedDistributionItems
2025-12-10 04:46:37 +0000 [MT] IDEDistributionItem init <DVTFilePath:0xa85cfe7d0:'/var/folders/fj/s4cn753s2mbc49s8t01td3kh0000gn/T/XcodeDistPipeline.~~~9kzzaG/Root/Payload/NeuroBloom.app/Frameworks/hermes.framework'>
2025-12-10 04:46:37 +0000 [MT] IDEDistributionItem init <DVTFilePath:0xa85c7e3a0:'/var/folders/fj/s4cn753s2mbc49s8t01td3kh0000gn/T/XcodeDistPipeline.~~~9kzzaG/Root/Payload/NeuroBloom.app'>
2025-12-10 04:46:37 +0000 [MT] Processing step: IDEDistributionCreateManifestStep
2025-12-10 04:46:37 +0000 [MT] Skipping step: IDEDistributionCreateManifestStep because it said so
